<?xml version="1.0" encoding="UTF-8"?>
<!-- Generated by org.testng.reporters.JUnitXMLReporter -->
<testsuite hostname="MELWIN" ignored="0" name="Default test" tests="3" failures="0" timestamp="2020-01-21T11:58:36 GST" time="98.296" errors="0">
  <testcase name="accomodation" time="7.027" classname="com.BookingPF.BookingScenarios"/>
  <testcase name="airportTaxis" time="28.14" classname="com.BookingPF.BookingScenarios"/>
  <testcase name="carRentals" time="47.57" classname="com.BookingPF.BookingScenarios"/>
</testsuite> <!-- Default test -->
