<?xml version="1.0" encoding="UTF-8"?>
<!-- Generated by org.testng.reporters.JUnitXMLReporter -->
<testsuite hostname="MELWIN" ignored="1" name="Booking Scenarios" tests="2" failures="0" timestamp="2020-01-21T12:03:09 GST" time="87.772" errors="0">
  <testcase name="airportTaxis" time="27.003" classname="com.BookingPF.BookingScenarios"/>
  <testcase name="carRentals" time="47.506" classname="com.BookingPF.BookingScenarios"/>
  <testcase name="accomodation" time="0.0" classname="com.BookingPF.BookingScenarios">
    <ignored/>
  </testcase> <!-- accomodation -->
</testsuite> <!-- Booking Scenarios -->
