<?xml version="1.0" encoding="UTF-8"?>
<!-- Generated by org.testng.reporters.JUnitXMLReporter -->
<testsuite hostname="MELWIN" ignored="1" name="Scenario1" tests="2" failures="2" timestamp="2020-01-19T23:38:37 GST" time="0.073" errors="0">
  <testcase name="airportTaxis" time="0.016" classname="com.BookingPF.BookingScenarios">
    <failure type="java.lang.NullPointerException">
      <![CDATA[java.lang.NullPointerException
at com.BookingPF.BookingScenarios.airportTaxis(BookingScenarios.java:78)
at java.util.ArrayList.forEach(Unknown Source)
... Removed 27 stack frames]]>
    </failure>
  </testcase> <!-- airportTaxis -->
  <testcase name="carRentals" time="0.001" classname="com.BookingPF.BookingScenarios">
    <failure type="java.lang.NullPointerException">
      <![CDATA[java.lang.NullPointerException
at com.BookingPF.BookingScenarios.carRentals(BookingScenarios.java:65)
at java.util.ArrayList.forEach(Unknown Source)
... Removed 27 stack frames]]>
    </failure>
  </testcase> <!-- carRentals -->
  <testcase name="accomodation" time="0.0" classname="com.BookingPF.BookingScenarios">
    <ignored/>
  </testcase> <!-- accomodation -->
</testsuite> <!-- Scenario1 -->
